<?xml version="1.0" encoding="UTF-8"?>
<!-- Generated by org.testng.reporters.JUnitXMLReporter -->
<testsuite ignored="0" hostname="DESKTOP-08MK2PB" failures="0" tests="15" name="Nopackage" time="61.866" errors="0" timestamp="2022-02-04T21:58:49 CET">
  <testcase classname="Tests.TestLogInPage" name="logInButtonColor" time="0.164"/>
  <testcase classname="Tests.TestLogInPage" name="logInHappyPath" time="2.185"/>
  <testcase classname="Tests.TestLogInPage" name="logInUnhappyPathWrongPassword" time="0.752"/>
  <testcase classname="Tests.TestLogInPage" name="logInUnhappyPathWrongUsername" time="0.748"/>
  <testcase classname="Tests.TestSortProduct" name="sortByNameAZ" time="0.923"/>
  <testcase classname="Tests.TestSortProduct" name="sortByNameZA" time="0.892"/>
  <testcase classname="Tests.TestSortProduct" name="sortByPriceHiLo" time="0.641"/>
  <testcase classname="Tests.TestSortProduct" name="sortByPriceLoHi" time="0.638"/>
  <testcase classname="Tests.TestOrderProduct" name="orderOneProduct" time="1.779"/>
  <testcase classname="Tests.TestOrderProduct" name="orderTwoProduct" time="1.699"/>
  <testcase classname="Tests.TestOrderProduct" name="removeAllProductsFromCart" time="10.966"/>
  <testcase classname="Tests.TestOrderProduct" name="continueShopping" time="0.721"/>
  <testcase classname="Tests.TestSocialButton" name="twitterButton" time="3.123"/>
  <testcase classname="Tests.TestSocialButton" name="facebookButton" time="2.38"/>
  <testcase classname="Tests.TestSocialButton" name="linkedInButton" time="3.094"/>
</testsuite> <!-- Nopackage -->
